<?xml version="1.0" encoding="UTF-8"?>
<testsuite name="server.repositories.ClientRepositoryTest" tests="3" skipped="0" failures="0" errors="0" timestamp="2020-04-05T19:43:43" hostname="DESKTOP-C13D9KE" time="0.844">
  <properties/>
  <testcase name="testNotFound" classname="server.repositories.ClientRepositoryTest" time="0.752"/>
  <testcase name="testFind" classname="server.repositories.ClientRepositoryTest" time="0.047"/>
  <testcase name="testSave" classname="server.repositories.ClientRepositoryTest" time="0.044"/>
  <system-out><![CDATA[22:43:43.718 [Test worker] INFO org.springframework.jdbc.datasource.embedded.EmbeddedDatabaseFactory - Starting embedded database: url='jdbc:h2:mem:testdb;DB_CLOSE_DELAY=-1;DB_CLOSE_ON_EXIT=false', username='sa'
22:43:43.740 [Test worker] DEBUG org.springframework.jdbc.datasource.DataSourceUtils - Fetching JDBC Connection from DataSource
22:43:43.741 [Test worker] DEBUG org.springframework.jdbc.datasource.SimpleDriverDataSource - Creating new JDBC Driver Connection to [jdbc:h2:mem:testdb;DB_CLOSE_DELAY=-1;DB_CLOSE_ON_EXIT=false]
22:43:43.978 [Test worker] DEBUG org.springframework.jdbc.datasource.init.ScriptUtils - Executing SQL script from class path resource [sql_scripts/schema.sql]
22:43:43.991 [Test worker] DEBUG org.springframework.jdbc.datasource.init.ScriptUtils - 0 returned as update count for SQL: drop table if exists RENTAL
22:43:43.992 [Test worker] DEBUG org.springframework.jdbc.datasource.init.ScriptUtils - 0 returned as update count for SQL: drop table if exists MOVIE
22:43:43.992 [Test worker] DEBUG org.springframework.jdbc.datasource.init.ScriptUtils - 0 returned as update count for SQL: drop table if exists CLIENT
22:43:44.015 [Test worker] DEBUG org.springframework.jdbc.datasource.init.ScriptUtils - 0 returned as update count for SQL: create table CLIENT ( id identity primary key, name varchar(100) not null, address varchar(100) not null )
22:43:44.020 [Test worker] DEBUG org.springframework.jdbc.datasource.init.ScriptUtils - 0 returned as update count for SQL: create table MOVIE ( id identity primary key, title varchar(100) not null, genre enum('comedy', 'action', 'thriller', 'documentary', 'horror') not null, year int )
22:43:44.061 [Test worker] DEBUG org.springframework.jdbc.datasource.init.ScriptUtils - 0 returned as update count for SQL: create table RENTAL ( id identity primary key, client_id bigint not null, movie_id bigint not null, start_date date not null, end_date date, foreign key (client_id) references client(id) on delete cascade, foreign key (movie_id) references movie(id) on delete cascade )
22:43:44.061 [Test worker] DEBUG org.springframework.jdbc.datasource.init.ScriptUtils - Executed SQL script from class path resource [sql_scripts/schema.sql] in 81 ms.
22:43:44.061 [Test worker] DEBUG org.springframework.jdbc.datasource.init.ScriptUtils - Executing SQL script from class path resource [test_sql_scripts/test_client_data.sql]
22:43:44.070 [Test worker] DEBUG org.springframework.jdbc.datasource.init.ScriptUtils - 1 returned as update count for SQL: insert into CLIENT (ID, NAME, ADDRESS) VALUES ( 1, 'n1', 'a1' )
22:43:44.071 [Test worker] DEBUG org.springframework.jdbc.datasource.init.ScriptUtils - 1 returned as update count for SQL: insert into CLIENT (ID, NAME, ADDRESS) VALUES ( 2, 'n2', 'a2' )
22:43:44.071 [Test worker] DEBUG org.springframework.jdbc.datasource.init.ScriptUtils - Executed SQL script from class path resource [test_sql_scripts/test_client_data.sql] in 10 ms.
22:43:44.094 [Test worker] DEBUG org.springframework.jdbc.core.JdbcTemplate - Executing prepared SQL query
22:43:44.096 [Test worker] DEBUG org.springframework.jdbc.core.JdbcTemplate - Executing prepared SQL statement [SELECT * FROM CLIENT WHERE id = ?]
22:43:44.097 [Test worker] DEBUG org.springframework.jdbc.datasource.DataSourceUtils - Fetching JDBC Connection from DataSource
22:43:44.097 [Test worker] DEBUG org.springframework.jdbc.datasource.SimpleDriverDataSource - Creating new JDBC Driver Connection to [jdbc:h2:mem:testdb;DB_CLOSE_DELAY=-1;DB_CLOSE_ON_EXIT=false]
22:43:44.138 [Test worker] INFO org.springframework.jdbc.datasource.embedded.EmbeddedDatabaseFactory - Starting embedded database: url='jdbc:h2:mem:testdb;DB_CLOSE_DELAY=-1;DB_CLOSE_ON_EXIT=false', username='sa'
22:43:44.138 [Test worker] DEBUG org.springframework.jdbc.datasource.DataSourceUtils - Fetching JDBC Connection from DataSource
22:43:44.138 [Test worker] DEBUG org.springframework.jdbc.datasource.SimpleDriverDataSource - Creating new JDBC Driver Connection to [jdbc:h2:mem:testdb;DB_CLOSE_DELAY=-1;DB_CLOSE_ON_EXIT=false]
22:43:44.139 [Test worker] DEBUG org.springframework.jdbc.datasource.init.ScriptUtils - Executing SQL script from class path resource [sql_scripts/schema.sql]
22:43:44.149 [Test worker] DEBUG org.springframework.jdbc.datasource.init.ScriptUtils - 0 returned as update count for SQL: drop table if exists RENTAL
22:43:44.151 [Test worker] DEBUG org.springframework.jdbc.datasource.init.ScriptUtils - 0 returned as update count for SQL: drop table if exists MOVIE
22:43:44.165 [Test worker] DEBUG org.springframework.jdbc.datasource.init.ScriptUtils - 0 returned as update count for SQL: drop table if exists CLIENT
22:43:44.167 [Test worker] DEBUG org.springframework.jdbc.datasource.init.ScriptUtils - 0 returned as update count for SQL: create table CLIENT ( id identity primary key, name varchar(100) not null, address varchar(100) not null )
22:43:44.170 [Test worker] DEBUG org.springframework.jdbc.datasource.init.ScriptUtils - 0 returned as update count for SQL: create table MOVIE ( id identity primary key, title varchar(100) not null, genre enum('comedy', 'action', 'thriller', 'documentary', 'horror') not null, year int )
22:43:44.179 [Test worker] DEBUG org.springframework.jdbc.datasource.init.ScriptUtils - 0 returned as update count for SQL: create table RENTAL ( id identity primary key, client_id bigint not null, movie_id bigint not null, start_date date not null, end_date date, foreign key (client_id) references client(id) on delete cascade, foreign key (movie_id) references movie(id) on delete cascade )
22:43:44.179 [Test worker] DEBUG org.springframework.jdbc.datasource.init.ScriptUtils - Executed SQL script from class path resource [sql_scripts/schema.sql] in 40 ms.
22:43:44.179 [Test worker] DEBUG org.springframework.jdbc.datasource.init.ScriptUtils - Executing SQL script from class path resource [test_sql_scripts/test_client_data.sql]
22:43:44.181 [Test worker] DEBUG org.springframework.jdbc.datasource.init.ScriptUtils - 1 returned as update count for SQL: insert into CLIENT (ID, NAME, ADDRESS) VALUES ( 1, 'n1', 'a1' )
22:43:44.181 [Test worker] DEBUG org.springframework.jdbc.datasource.init.ScriptUtils - 1 returned as update count for SQL: insert into CLIENT (ID, NAME, ADDRESS) VALUES ( 2, 'n2', 'a2' )
22:43:44.181 [Test worker] DEBUG org.springframework.jdbc.datasource.init.ScriptUtils - Executed SQL script from class path resource [test_sql_scripts/test_client_data.sql] in 2 ms.
22:43:44.181 [Test worker] DEBUG org.springframework.jdbc.core.JdbcTemplate - Executing prepared SQL query
22:43:44.181 [Test worker] DEBUG org.springframework.jdbc.core.JdbcTemplate - Executing prepared SQL statement [SELECT * FROM CLIENT WHERE id = ?]
22:43:44.181 [Test worker] DEBUG org.springframework.jdbc.datasource.DataSourceUtils - Fetching JDBC Connection from DataSource
22:43:44.181 [Test worker] DEBUG org.springframework.jdbc.datasource.SimpleDriverDataSource - Creating new JDBC Driver Connection to [jdbc:h2:mem:testdb;DB_CLOSE_DELAY=-1;DB_CLOSE_ON_EXIT=false]
22:43:44.184 [Test worker] INFO org.springframework.jdbc.datasource.embedded.EmbeddedDatabaseFactory - Starting embedded database: url='jdbc:h2:mem:testdb;DB_CLOSE_DELAY=-1;DB_CLOSE_ON_EXIT=false', username='sa'
22:43:44.184 [Test worker] DEBUG org.springframework.jdbc.datasource.DataSourceUtils - Fetching JDBC Connection from DataSource
22:43:44.184 [Test worker] DEBUG org.springframework.jdbc.datasource.SimpleDriverDataSource - Creating new JDBC Driver Connection to [jdbc:h2:mem:testdb;DB_CLOSE_DELAY=-1;DB_CLOSE_ON_EXIT=false]
22:43:44.184 [Test worker] DEBUG org.springframework.jdbc.datasource.init.ScriptUtils - Executing SQL script from class path resource [sql_scripts/schema.sql]
22:43:44.189 [Test worker] DEBUG org.springframework.jdbc.datasource.init.ScriptUtils - 0 returned as update count for SQL: drop table if exists RENTAL
22:43:44.190 [Test worker] DEBUG org.springframework.jdbc.datasource.init.ScriptUtils - 0 returned as update count for SQL: drop table if exists MOVIE
22:43:44.191 [Test worker] DEBUG org.springframework.jdbc.datasource.init.ScriptUtils - 0 returned as update count for SQL: drop table if exists CLIENT
22:43:44.192 [Test worker] DEBUG org.springframework.jdbc.datasource.init.ScriptUtils - 0 returned as update count for SQL: create table CLIENT ( id identity primary key, name varchar(100) not null, address varchar(100) not null )
22:43:44.194 [Test worker] DEBUG org.springframework.jdbc.datasource.init.ScriptUtils - 0 returned as update count for SQL: create table MOVIE ( id identity primary key, title varchar(100) not null, genre enum('comedy', 'action', 'thriller', 'documentary', 'horror') not null, year int )
22:43:44.201 [Test worker] DEBUG org.springframework.jdbc.datasource.init.ScriptUtils - 0 returned as update count for SQL: create table RENTAL ( id identity primary key, client_id bigint not null, movie_id bigint not null, start_date date not null, end_date date, foreign key (client_id) references client(id) on delete cascade, foreign key (movie_id) references movie(id) on delete cascade )
22:43:44.201 [Test worker] DEBUG org.springframework.jdbc.datasource.init.ScriptUtils - Executed SQL script from class path resource [sql_scripts/schema.sql] in 17 ms.
22:43:44.201 [Test worker] DEBUG org.springframework.jdbc.datasource.init.ScriptUtils - Executing SQL script from class path resource [test_sql_scripts/test_client_data.sql]
22:43:44.203 [Test worker] DEBUG org.springframework.jdbc.datasource.init.ScriptUtils - 1 returned as update count for SQL: insert into CLIENT (ID, NAME, ADDRESS) VALUES ( 1, 'n1', 'a1' )
22:43:44.204 [Test worker] DEBUG org.springframework.jdbc.datasource.init.ScriptUtils - 1 returned as update count for SQL: insert into CLIENT (ID, NAME, ADDRESS) VALUES ( 2, 'n2', 'a2' )
22:43:44.204 [Test worker] DEBUG org.springframework.jdbc.datasource.init.ScriptUtils - Executed SQL script from class path resource [test_sql_scripts/test_client_data.sql] in 3 ms.
22:43:44.205 [Test worker] DEBUG org.springframework.jdbc.core.JdbcTemplate - Executing SQL update and returning generated keys
22:43:44.208 [Test worker] DEBUG org.springframework.jdbc.core.JdbcTemplate - Executing prepared SQL statement
22:43:44.208 [Test worker] DEBUG org.springframework.jdbc.datasource.DataSourceUtils - Fetching JDBC Connection from DataSource
22:43:44.208 [Test worker] DEBUG org.springframework.jdbc.datasource.SimpleDriverDataSource - Creating new JDBC Driver Connection to [jdbc:h2:mem:testdb;DB_CLOSE_DELAY=-1;DB_CLOSE_ON_EXIT=false]
22:43:44.227 [Test worker] DEBUG org.springframework.jdbc.core.JdbcTemplate - Executing prepared SQL query
22:43:44.227 [Test worker] DEBUG org.springframework.jdbc.core.JdbcTemplate - Executing prepared SQL statement [SELECT * FROM CLIENT WHERE id = ?]
22:43:44.227 [Test worker] DEBUG org.springframework.jdbc.datasource.DataSourceUtils - Fetching JDBC Connection from DataSource
22:43:44.227 [Test worker] DEBUG org.springframework.jdbc.datasource.SimpleDriverDataSource - Creating new JDBC Driver Connection to [jdbc:h2:mem:testdb;DB_CLOSE_DELAY=-1;DB_CLOSE_ON_EXIT=false]
]]></system-out>
  <system-err><![CDATA[]]></system-err>
</testsuite>
